100
0 43
1 159
2 9
3 68
4 18
5 10
6 20
7 25
8 53
9 31
10 19
11 24
12 2
13 50
14 73
15 92
16 170
17 5893
18 56
19 1
20 60
21 25
22 3
23 21
24 104
25 109
26 60
27 53
28 0
29 3
30 9
31 105
32 1
33 54
34 137
35 8973
36 406
37 45
38 68
39 322
40 42
41 20
42 43
43 72
44 16
45 4
46 22
47 45
48 99
49 49
50 19
51 9234
52 16
53 20
54 17
55 8
56 3
57 54
58 3
59 65
60 88
61 12
62 25
63 255
64 60
65 47
66 11
67 18
68 2
69 63
70 69
71 68
72 20
73 3
74 10
75 25
76 48
77 8733
78 29
79 60
80 81
81 11
82 36
83 12
84 15
85 31
86 50
87 179
88 47
89 11
90 42
91 663
92 42
93 39
94 402
95 59
96 41
97 6
98 55
99 13
